
[2025-07-08 19:44:09] Error: Attempt to read property "post_name" on null in /var/www/whfirearmsafterdark.com/htdocs/wp-content/plugins/mra-import-postgresql/cron-update-product.php on line 706
[2025-07-08 20:23:59] Error: Attempt to read property "post_name" on null in /var/www/whfirearmsafterdark.com/htdocs/wp-content/plugins/mra-import-postgresql/cron-update-product.php on line 706
[2025-07-08 21:10:18] Error: Attempt to read property "post_name" on null in /var/www/whfirearmsafterdark.com/htdocs/wp-content/plugins/mra-import-postgresql/cron-update-product.php on line 706
[2025-07-08 21:49:10] Error: Attempt to read property "post_name" on null in /var/www/whfirearmsafterdark.com/htdocs/wp-content/plugins/mra-import-postgresql/cron-update-product.php on line 706
[2025-07-08 22:40:22] Error: Attempt to read property "post_name" on null in /var/www/whfirearmsafterdark.com/htdocs/wp-content/plugins/mra-import-postgresql/cron-update-product.php on line 706
[2025-07-08 23:19:11] Error: Attempt to read property "post_name" on null in /var/www/whfirearmsafterdark.com/htdocs/wp-content/plugins/mra-import-postgresql/cron-update-product.php on line 706
[2025-07-09 00:11:05] Error: Attempt to read property "post_name" on null in /var/www/whfirearmsafterdark.com/htdocs/wp-content/plugins/mra-import-postgresql/cron-update-product.php on line 706
[2025-07-11 00:01:12] Error: unserialize(): Error at offset 0 of 15 bytes in /var/www/whfirearmsafterdark.com/htdocs/wp-content/plugins/mra-import-postgresql/admin/inc-settings/filter-add-order.php on line 429
[2025-07-11 00:01:12] Error: foreach() argument must be of type array|object, bool given in /var/www/whfirearmsafterdark.com/htdocs/wp-content/plugins/mra-import-postgresql/admin/inc-settings/filter-add-order.php on line 447
[2025-07-11 00:01:12] Error: foreach() argument must be of type array|object, bool given in /var/www/whfirearmsafterdark.com/htdocs/wp-content/plugins/mra-import-postgresql/admin/inc-settings/filter-add-order.php on line 447
[2025-07-11 00:01:12] Error: foreach() argument must be of type array|object, bool given in /var/www/whfirearmsafterdark.com/htdocs/wp-content/plugins/mra-import-postgresql/admin/inc-settings/filter-add-order.php on line 447
[2025-07-11 00:01:12] Error: foreach() argument must be of type array|object, bool given in /var/www/whfirearmsafterdark.com/htdocs/wp-content/plugins/mra-import-postgresql/admin/inc-settings/filter-add-order.php on line 447
[2025-07-11 00:01:12] Error: foreach() argument must be of type array|object, bool given in /var/www/whfirearmsafterdark.com/htdocs/wp-content/plugins/mra-import-postgresql/admin/inc-settings/filter-add-order.php on line 447
[2025-07-11 00:01:12] Error: foreach() argument must be of type array|object, bool given in /var/www/whfirearmsafterdark.com/htdocs/wp-content/plugins/mra-import-postgresql/admin/inc-settings/filter-add-order.php on line 447
[2025-07-11 00:20:36] Error: unserialize(): Error at offset 0 of 15 bytes in /var/www/whfirearmsafterdark.com/htdocs/wp-content/plugins/mra-import-postgresql/admin/settings.php on line 554
[2025-07-11 00:20:56] Error: unserialize(): Error at offset 0 of 15 bytes in /var/www/whfirearmsafterdark.com/htdocs/wp-content/plugins/mra-import-postgresql/admin/settings.php on line 554
[2025-07-11 00:22:08] Error: unserialize(): Error at offset 0 of 15 bytes in /var/www/whfirearmsafterdark.com/htdocs/wp-content/plugins/mra-import-postgresql/admin/inc-settings/filter-add-order.php on line 429
[2025-07-11 00:22:08] Error: foreach() argument must be of type array|object, bool given in /var/www/whfirearmsafterdark.com/htdocs/wp-content/plugins/mra-import-postgresql/admin/inc-settings/filter-add-order.php on line 447
[2025-07-11 00:22:08] Error: foreach() argument must be of type array|object, bool given in /var/www/whfirearmsafterdark.com/htdocs/wp-content/plugins/mra-import-postgresql/admin/inc-settings/filter-add-order.php on line 447
[2025-07-11 00:22:08] Error: foreach() argument must be of type array|object, bool given in /var/www/whfirearmsafterdark.com/htdocs/wp-content/plugins/mra-import-postgresql/admin/inc-settings/filter-add-order.php on line 447
[2025-07-11 00:22:08] Error: foreach() argument must be of type array|object, bool given in /var/www/whfirearmsafterdark.com/htdocs/wp-content/plugins/mra-import-postgresql/admin/inc-settings/filter-add-order.php on line 447
[2025-07-11 00:22:08] Error: foreach() argument must be of type array|object, bool given in /var/www/whfirearmsafterdark.com/htdocs/wp-content/plugins/mra-import-postgresql/admin/inc-settings/filter-add-order.php on line 447
[2025-07-11 00:22:08] Error: foreach() argument must be of type array|object, bool given in /var/www/whfirearmsafterdark.com/htdocs/wp-content/plugins/mra-import-postgresql/admin/inc-settings/filter-add-order.php on line 447
[2025-07-11 00:23:03] Error: unserialize(): Error at offset 0 of 15 bytes in /var/www/whfirearmsafterdark.com/htdocs/wp-content/plugins/mra-import-postgresql/admin/inc-settings/filter-add-order.php on line 429
[2025-07-11 00:23:03] Error: foreach() argument must be of type array|object, bool given in /var/www/whfirearmsafterdark.com/htdocs/wp-content/plugins/mra-import-postgresql/admin/inc-settings/filter-add-order.php on line 447
[2025-07-11 00:23:03] Error: foreach() argument must be of type array|object, bool given in /var/www/whfirearmsafterdark.com/htdocs/wp-content/plugins/mra-import-postgresql/admin/inc-settings/filter-add-order.php on line 447
[2025-07-11 00:23:03] Error: foreach() argument must be of type array|object, bool given in /var/www/whfirearmsafterdark.com/htdocs/wp-content/plugins/mra-import-postgresql/admin/inc-settings/filter-add-order.php on line 447
[2025-07-11 00:23:03] Error: foreach() argument must be of type array|object, bool given in /var/www/whfirearmsafterdark.com/htdocs/wp-content/plugins/mra-import-postgresql/admin/inc-settings/filter-add-order.php on line 447
[2025-07-11 00:23:03] Error: foreach() argument must be of type array|object, bool given in /var/www/whfirearmsafterdark.com/htdocs/wp-content/plugins/mra-import-postgresql/admin/inc-settings/filter-add-order.php on line 447
[2025-07-11 00:23:03] Error: foreach() argument must be of type array|object, bool given in /var/www/whfirearmsafterdark.com/htdocs/wp-content/plugins/mra-import-postgresql/admin/inc-settings/filter-add-order.php on line 447
[2025-07-11 00:23:31] Error: unserialize(): Error at offset 0 of 15 bytes in /var/www/whfirearmsafterdark.com/htdocs/wp-content/plugins/mra-import-postgresql/admin/inc-settings/filter-add-order.php on line 429
[2025-07-11 00:23:31] Error: foreach() argument must be of type array|object, bool given in /var/www/whfirearmsafterdark.com/htdocs/wp-content/plugins/mra-import-postgresql/admin/inc-settings/filter-add-order.php on line 447
[2025-07-11 00:23:31] Error: foreach() argument must be of type array|object, bool given in /var/www/whfirearmsafterdark.com/htdocs/wp-content/plugins/mra-import-postgresql/admin/inc-settings/filter-add-order.php on line 447
[2025-07-11 00:23:31] Error: foreach() argument must be of type array|object, bool given in /var/www/whfirearmsafterdark.com/htdocs/wp-content/plugins/mra-import-postgresql/admin/inc-settings/filter-add-order.php on line 447
[2025-07-11 00:23:31] Error: foreach() argument must be of type array|object, bool given in /var/www/whfirearmsafterdark.com/htdocs/wp-content/plugins/mra-import-postgresql/admin/inc-settings/filter-add-order.php on line 447
[2025-07-11 00:23:31] Error: foreach() argument must be of type array|object, bool given in /var/www/whfirearmsafterdark.com/htdocs/wp-content/plugins/mra-import-postgresql/admin/inc-settings/filter-add-order.php on line 447
[2025-07-11 00:23:31] Error: foreach() argument must be of type array|object, bool given in /var/www/whfirearmsafterdark.com/htdocs/wp-content/plugins/mra-import-postgresql/admin/inc-settings/filter-add-order.php on line 447
[2025-07-11 00:26:34] Error: foreach() argument must be of type array|object, string given in /var/www/whfirearmsafterdark.com/htdocs/wp-content/plugins/mra-import-postgresql/admin/inc-settings/filter-add-order.php on line 447
[2025-07-11 00:26:34] Error: foreach() argument must be of type array|object, string given in /var/www/whfirearmsafterdark.com/htdocs/wp-content/plugins/mra-import-postgresql/admin/inc-settings/filter-add-order.php on line 447
[2025-07-11 00:26:34] Error: foreach() argument must be of type array|object, string given in /var/www/whfirearmsafterdark.com/htdocs/wp-content/plugins/mra-import-postgresql/admin/inc-settings/filter-add-order.php on line 447
[2025-07-11 00:26:34] Error: foreach() argument must be of type array|object, string given in /var/www/whfirearmsafterdark.com/htdocs/wp-content/plugins/mra-import-postgresql/admin/inc-settings/filter-add-order.php on line 447
[2025-07-11 00:26:34] Error: foreach() argument must be of type array|object, string given in /var/www/whfirearmsafterdark.com/htdocs/wp-content/plugins/mra-import-postgresql/admin/inc-settings/filter-add-order.php on line 447
[2025-07-11 00:26:34] Error: foreach() argument must be of type array|object, string given in /var/www/whfirearmsafterdark.com/htdocs/wp-content/plugins/mra-import-postgresql/admin/inc-settings/filter-add-order.php on line 447
[2025-07-11 00:57:06] Error: unserialize(): Error at offset 0 of 15 bytes in /var/www/whfirearmsafterdark.com/htdocs/wp-content/plugins/mra-import-postgresql/admin/settings.php on line 554
[2025-07-11 00:57:20] Error: unserialize(): Error at offset 0 of 15 bytes in /var/www/whfirearmsafterdark.com/htdocs/wp-content/plugins/mra-import-postgresql/admin/settings.php on line 554
[2025-07-11 01:46:32] Error: Undefined variable $rows_product_cost in /var/www/whfirearmsafterdark.com/htdocs/wp-content/plugins/mra-import-postgresql/admin/inc-settings/filter-add-order.php on line 623
[2025-07-11 01:47:07] Error: Undefined variable $rows_product_cost in /var/www/whfirearmsafterdark.com/htdocs/wp-content/plugins/mra-import-postgresql/admin/inc-settings/filter-add-order.php on line 623
[2025-07-12 03:54:57] Error: Attempt to read property "post_name" on null in /var/www/whfirearmsafterdark.com/htdocs/wp-content/plugins/mra-import-postgresql/cron-update-product.php on line 706
[2025-07-12 04:49:53] Error: Attempt to read property "post_name" on null in /var/www/whfirearmsafterdark.com/htdocs/wp-content/plugins/mra-import-postgresql/cron-update-product.php on line 706
[2025-07-12 05:44:50] Error: Attempt to read property "post_name" on null in /var/www/whfirearmsafterdark.com/htdocs/wp-content/plugins/mra-import-postgresql/cron-update-product.php on line 706
[2025-07-12 06:15:39] Error: Attempt to read property "post_name" on null in /var/www/whfirearmsafterdark.com/htdocs/wp-content/plugins/mra-import-postgresql/cron-update-product.php on line 706
[2025-07-12 06:59:54] Error: Attempt to read property "post_name" on null in /var/www/whfirearmsafterdark.com/htdocs/wp-content/plugins/mra-import-postgresql/cron-update-product.php on line 706
[2025-07-12 07:47:03] Error: Attempt to read property "post_name" on null in /var/www/whfirearmsafterdark.com/htdocs/wp-content/plugins/mra-import-postgresql/cron-update-product.php on line 706
[2025-07-12 08:29:25] Error: Attempt to read property "post_name" on null in /var/www/whfirearmsafterdark.com/htdocs/wp-content/plugins/mra-import-postgresql/cron-update-product.php on line 706
[2025-07-12 09:14:44] Error: Attempt to read property "post_name" on null in /var/www/whfirearmsafterdark.com/htdocs/wp-content/plugins/mra-import-postgresql/cron-update-product.php on line 706
[2025-07-12 10:01:53] Error: Attempt to read property "post_name" on null in /var/www/whfirearmsafterdark.com/htdocs/wp-content/plugins/mra-import-postgresql/cron-update-product.php on line 706
[2025-07-12 10:42:23] Error: Attempt to read property "post_name" on null in /var/www/whfirearmsafterdark.com/htdocs/wp-content/plugins/mra-import-postgresql/cron-update-product.php on line 706
[2025-07-12 11:32:32] Error: Attempt to read property "post_name" on null in /var/www/whfirearmsafterdark.com/htdocs/wp-content/plugins/mra-import-postgresql/cron-update-product.php on line 706
[2025-07-12 12:11:15] Error: Attempt to read property "post_name" on null in /var/www/whfirearmsafterdark.com/htdocs/wp-content/plugins/mra-import-postgresql/cron-update-product.php on line 706
[2025-07-12 12:51:41] Error: Attempt to read property "post_name" on null in /var/www/whfirearmsafterdark.com/htdocs/wp-content/plugins/mra-import-postgresql/cron-update-product.php on line 706
[2025-07-12 13:43:08] Error: Attempt to read property "post_name" on null in /var/www/whfirearmsafterdark.com/htdocs/wp-content/plugins/mra-import-postgresql/cron-update-product.php on line 706
[2025-07-12 14:19:34] Error: Attempt to read property "post_name" on null in /var/www/whfirearmsafterdark.com/htdocs/wp-content/plugins/mra-import-postgresql/cron-update-product.php on line 706
[2025-07-12 15:20:46] Error: Attempt to read property "post_name" on null in /var/www/whfirearmsafterdark.com/htdocs/wp-content/plugins/mra-import-postgresql/cron-update-product.php on line 706
[2025-07-12 16:02:18] Error: Attempt to read property "post_name" on null in /var/www/whfirearmsafterdark.com/htdocs/wp-content/plugins/mra-import-postgresql/cron-update-product.php on line 706
[2025-07-12 16:43:27] Error: Attempt to read property "post_name" on null in /var/www/whfirearmsafterdark.com/htdocs/wp-content/plugins/mra-import-postgresql/cron-update-product.php on line 706
[2025-07-12 17:43:51] Error: Attempt to read property "post_name" on null in /var/www/whfirearmsafterdark.com/htdocs/wp-content/plugins/mra-import-postgresql/cron-update-product.php on line 706
[2025-07-12 18:45:03] Error: Attempt to read property "post_name" on null in /var/www/whfirearmsafterdark.com/htdocs/wp-content/plugins/mra-import-postgresql/cron-update-product.php on line 706
[2025-07-12 19:23:06] Error: Attempt to read property "post_name" on null in /var/www/whfirearmsafterdark.com/htdocs/wp-content/plugins/mra-import-postgresql/cron-update-product.php on line 706
[2025-07-12 20:12:01] Error: Attempt to read property "post_name" on null in /var/www/whfirearmsafterdark.com/htdocs/wp-content/plugins/mra-import-postgresql/cron-update-product.php on line 706
[2025-07-12 21:07:11] Error: Attempt to read property "post_name" on null in /var/www/whfirearmsafterdark.com/htdocs/wp-content/plugins/mra-import-postgresql/cron-update-product.php on line 706
[2025-07-12 21:52:11] Error: Attempt to read property "post_name" on null in /var/www/whfirearmsafterdark.com/htdocs/wp-content/plugins/mra-import-postgresql/cron-update-product.php on line 706
[2025-07-12 22:47:39] Error: Attempt to read property "post_name" on null in /var/www/whfirearmsafterdark.com/htdocs/wp-content/plugins/mra-import-postgresql/cron-update-product.php on line 706
[2025-07-12 23:27:19] Error: Attempt to read property "post_name" on null in /var/www/whfirearmsafterdark.com/htdocs/wp-content/plugins/mra-import-postgresql/cron-update-product.php on line 706
[2025-07-13 00:26:12] Error: Attempt to read property "post_name" on null in /var/www/whfirearmsafterdark.com/htdocs/wp-content/plugins/mra-import-postgresql/cron-update-product.php on line 706
[2025-07-13 01:34:04] Error: Attempt to read property "post_name" on null in /var/www/whfirearmsafterdark.com/htdocs/wp-content/plugins/mra-import-postgresql/cron-update-product.php on line 706
[2025-07-13 02:17:12] Error: Attempt to read property "post_name" on null in /var/www/whfirearmsafterdark.com/htdocs/wp-content/plugins/mra-import-postgresql/cron-update-product.php on line 706
[2025-07-13 03:16:51] Error: Attempt to read property "post_name" on null in /var/www/whfirearmsafterdark.com/htdocs/wp-content/plugins/mra-import-postgresql/cron-update-product.php on line 706
[2025-07-13 04:05:37] Error: Attempt to read property "post_name" on null in /var/www/whfirearmsafterdark.com/htdocs/wp-content/plugins/mra-import-postgresql/cron-update-product.php on line 706
[2025-07-13 04:45:32] Error: Attempt to read property "post_name" on null in /var/www/whfirearmsafterdark.com/htdocs/wp-content/plugins/mra-import-postgresql/cron-update-product.php on line 706
[2025-07-13 05:00:14] Error: Undefined array key "SERVER_PORT" in /home/wigh42224whad/home/wigh42224whad/sites/whfirearmsafterdark.com/htdocs/wp-content/plugins/uipress/admin/classes/uipress-app.php on line 41
[2025-07-13 05:00:14] Error: Undefined array key "HTTP_HOST" in /home/wigh42224whad/home/wigh42224whad/sites/whfirearmsafterdark.com/htdocs/wp-content/plugins/uipress/admin/classes/uipress-app.php on line 42
[2025-07-13 05:00:14] Error: Function _load_textdomain_just_in_time was called <strong>incorrectly</strong>. Translation loading for the <code>woocommerce-anti-fraud</code> domain was triggered too early. This is usually an indicator for some code in the plugin or theme running too early. Translations should be loaded at the <code>init</code> action or later. Please see <a href="https://developer.wordpress.org/advanced-administration/debug/debug-wordpress/">Debugging in WordPress</a> for more information. (This message was added in version 6.7.0.) in /home/wigh42224whad/home/wigh42224whad/sites/whfirearmsafterdark.com/htdocs/wp-includes/functions.php on line 6121
[2025-07-13 05:00:14] Error: Function _load_textdomain_just_in_time was called <strong>incorrectly</strong>. Translation loading for the <code>woocommerce-minimum-advertised-price</code> domain was triggered too early. This is usually an indicator for some code in the plugin or theme running too early. Translations should be loaded at the <code>init</code> action or later. Please see <a href="https://developer.wordpress.org/advanced-administration/debug/debug-wordpress/">Debugging in WordPress</a> for more information. (This message was added in version 6.7.0.) in /home/wigh42224whad/home/wigh42224whad/sites/whfirearmsafterdark.com/htdocs/wp-includes/functions.php on line 6121
[2025-07-13 05:00:14] Error: Function _load_textdomain_just_in_time was called <strong>incorrectly</strong>. Translation loading for the <code>woocommerce</code> domain was triggered too early. This is usually an indicator for some code in the plugin or theme running too early. Translations should be loaded at the <code>init</code> action or later. Please see <a href="https://developer.wordpress.org/advanced-administration/debug/debug-wordpress/">Debugging in WordPress</a> for more information. (This message was added in version 6.7.0.) in /home/wigh42224whad/home/wigh42224whad/sites/whfirearmsafterdark.com/htdocs/wp-includes/functions.php on line 6121
[2025-07-13 05:00:14] Error: Return type of SV_WC_DateTime::getTimestamp() should either be compatible with DateTime::getTimestamp(): int, or the #[\ReturnTypeWillChange] attribute should be used to temporarily suppress the notice in /home/wigh42224whad/home/wigh42224whad/sites/whfirearmsafterdark.com/htdocs/wp-content/plugins/woocommerce-minimum-advertised-price/lib/skyverge/woocommerce/compatibility/class-sv-wc-datetime.php on line 59
[2025-07-13 05:37:59] Error: Attempt to read property "post_name" on null in /var/www/whfirearmsafterdark.com/htdocs/wp-content/plugins/mra-import-postgresql/cron-update-product.php on line 706
[2025-07-13 06:16:51] Error: Attempt to read property "post_name" on null in /var/www/whfirearmsafterdark.com/htdocs/wp-content/plugins/mra-import-postgresql/cron-update-product.php on line 706
[2025-07-13 07:07:02] Error: Attempt to read property "post_name" on null in /var/www/whfirearmsafterdark.com/htdocs/wp-content/plugins/mra-import-postgresql/cron-update-product.php on line 706
[2025-07-13 07:47:18] Error: Attempt to read property "post_name" on null in /var/www/whfirearmsafterdark.com/htdocs/wp-content/plugins/mra-import-postgresql/cron-update-product.php on line 706
[2025-07-13 08:34:35] Error: Attempt to read property "post_name" on null in /var/www/whfirearmsafterdark.com/htdocs/wp-content/plugins/mra-import-postgresql/cron-update-product.php on line 706
[2025-07-13 09:09:43] Error: Attempt to read property "post_name" on null in /var/www/whfirearmsafterdark.com/htdocs/wp-content/plugins/mra-import-postgresql/cron-update-product.php on line 706
[2025-07-13 10:02:59] Error: Attempt to read property "post_name" on null in /var/www/whfirearmsafterdark.com/htdocs/wp-content/plugins/mra-import-postgresql/cron-update-product.php on line 706
[2025-07-13 10:46:40] Error: Attempt to read property "post_name" on null in /var/www/whfirearmsafterdark.com/htdocs/wp-content/plugins/mra-import-postgresql/cron-update-product.php on line 706
[2025-07-13 11:35:57] Error: Attempt to read property "post_name" on null in /var/www/whfirearmsafterdark.com/htdocs/wp-content/plugins/mra-import-postgresql/cron-update-product.php on line 706
[2025-07-13 12:13:49] Error: Attempt to read property "post_name" on null in /var/www/whfirearmsafterdark.com/htdocs/wp-content/plugins/mra-import-postgresql/cron-update-product.php on line 706
[2025-07-13 13:02:01] Error: Attempt to read property "post_name" on null in /var/www/whfirearmsafterdark.com/htdocs/wp-content/plugins/mra-import-postgresql/cron-update-product.php on line 706
[2025-07-13 13:50:09] Error: Attempt to read property "post_name" on null in /var/www/whfirearmsafterdark.com/htdocs/wp-content/plugins/mra-import-postgresql/cron-update-product.php on line 706
[2025-07-13 14:31:20] Error: Attempt to read property "post_name" on null in /var/www/whfirearmsafterdark.com/htdocs/wp-content/plugins/mra-import-postgresql/cron-update-product.php on line 706
[2025-07-13 15:13:48] Error: Attempt to read property "post_name" on null in /var/www/whfirearmsafterdark.com/htdocs/wp-content/plugins/mra-import-postgresql/cron-update-product.php on line 706
[2025-07-13 15:52:02] Error: Attempt to read property "post_name" on null in /var/www/whfirearmsafterdark.com/htdocs/wp-content/plugins/mra-import-postgresql/cron-update-product.php on line 706
[2025-07-13 16:43:11] Error: Attempt to read property "post_name" on null in /var/www/whfirearmsafterdark.com/htdocs/wp-content/plugins/mra-import-postgresql/cron-update-product.php on line 706
[2025-07-13 17:27:33] Error: Attempt to read property "post_name" on null in /var/www/whfirearmsafterdark.com/htdocs/wp-content/plugins/mra-import-postgresql/cron-update-product.php on line 706
[2025-07-13 18:13:27] Error: Attempt to read property "post_name" on null in /var/www/whfirearmsafterdark.com/htdocs/wp-content/plugins/mra-import-postgresql/cron-update-product.php on line 706
[2025-07-13 19:05:06] Error: Attempt to read property "post_name" on null in /var/www/whfirearmsafterdark.com/htdocs/wp-content/plugins/mra-import-postgresql/cron-update-product.php on line 706
[2025-07-13 19:53:30] Error: Attempt to read property "post_name" on null in /var/www/whfirearmsafterdark.com/htdocs/wp-content/plugins/mra-import-postgresql/cron-update-product.php on line 706
[2025-07-13 20:42:32] Error: Attempt to read property "post_name" on null in /var/www/whfirearmsafterdark.com/htdocs/wp-content/plugins/mra-import-postgresql/cron-update-product.php on line 706
[2025-07-13 21:18:43] Error: Attempt to read property "post_name" on null in /var/www/whfirearmsafterdark.com/htdocs/wp-content/plugins/mra-import-postgresql/cron-update-product.php on line 706
[2025-07-13 22:11:16] Error: Attempt to read property "post_name" on null in /var/www/whfirearmsafterdark.com/htdocs/wp-content/plugins/mra-import-postgresql/cron-update-product.php on line 706
[2025-07-13 22:45:00] Error: Attempt to read property "post_name" on null in /var/www/whfirearmsafterdark.com/htdocs/wp-content/plugins/mra-import-postgresql/cron-update-product.php on line 706
[2025-07-13 23:29:41] Error: Attempt to read property "post_name" on null in /var/www/whfirearmsafterdark.com/htdocs/wp-content/plugins/mra-import-postgresql/cron-update-product.php on line 706
[2025-07-14 00:10:21] Error: Attempt to read property "post_name" on null in /var/www/whfirearmsafterdark.com/htdocs/wp-content/plugins/mra-import-postgresql/cron-update-product.php on line 706
[2025-07-14 00:50:34] Error: Attempt to read property "post_name" on null in /var/www/whfirearmsafterdark.com/htdocs/wp-content/plugins/mra-import-postgresql/cron-update-product.php on line 706
[2025-07-14 01:48:29] Error: Attempt to read property "post_name" on null in /var/www/whfirearmsafterdark.com/htdocs/wp-content/plugins/mra-import-postgresql/cron-update-product.php on line 706
[2025-07-14 02:33:40] Error: Attempt to read property "post_name" on null in /var/www/whfirearmsafterdark.com/htdocs/wp-content/plugins/mra-import-postgresql/cron-update-product.php on line 706
[2025-07-14 03:13:43] Error: Attempt to read property "post_name" on null in /var/www/whfirearmsafterdark.com/htdocs/wp-content/plugins/mra-import-postgresql/cron-update-product.php on line 706
[2025-07-14 04:02:38] Error: Attempt to read property "post_name" on null in /var/www/whfirearmsafterdark.com/htdocs/wp-content/plugins/mra-import-postgresql/cron-update-product.php on line 706
[2025-07-14 04:39:01] Error: Attempt to read property "post_name" on null in /var/www/whfirearmsafterdark.com/htdocs/wp-content/plugins/mra-import-postgresql/cron-update-product.php on line 706
[2025-07-14 05:16:30] Error: Attempt to read property "post_name" on null in /var/www/whfirearmsafterdark.com/htdocs/wp-content/plugins/mra-import-postgresql/cron-update-product.php on line 706
[2025-07-14 05:47:48] Error: Attempt to read property "post_name" on null in /var/www/whfirearmsafterdark.com/htdocs/wp-content/plugins/mra-import-postgresql/cron-update-product.php on line 706
[2025-07-14 06:25:33] Error: Attempt to read property "post_name" on null in /var/www/whfirearmsafterdark.com/htdocs/wp-content/plugins/mra-import-postgresql/cron-update-product.php on line 706
[2025-07-14 07:19:39] Error: Attempt to read property "post_name" on null in /var/www/whfirearmsafterdark.com/htdocs/wp-content/plugins/mra-import-postgresql/cron-update-product.php on line 706
[2025-07-14 07:58:30] Error: Attempt to read property "post_name" on null in /var/www/whfirearmsafterdark.com/htdocs/wp-content/plugins/mra-import-postgresql/cron-update-product.php on line 706
[2025-07-14 08:44:00] Error: Attempt to read property "post_name" on null in /var/www/whfirearmsafterdark.com/htdocs/wp-content/plugins/mra-import-postgresql/cron-update-product.php on line 706
[2025-07-14 09:42:15] Error: Attempt to read property "post_name" on null in /var/www/whfirearmsafterdark.com/htdocs/wp-content/plugins/mra-import-postgresql/cron-update-product.php on line 706
[2025-07-14 10:55:16] Error: Attempt to read property "post_name" on null in /var/www/whfirearmsafterdark.com/htdocs/wp-content/plugins/mra-import-postgresql/cron-update-product.php on line 706
[2025-07-14 11:44:42] Error: Attempt to read property "post_name" on null in /var/www/whfirearmsafterdark.com/htdocs/wp-content/plugins/mra-import-postgresql/cron-update-product.php on line 706
[2025-07-14 12:23:36] Error: Attempt to read property "post_name" on null in /var/www/whfirearmsafterdark.com/htdocs/wp-content/plugins/mra-import-postgresql/cron-update-product.php on line 706
[2025-07-14 13:14:54] Error: Attempt to read property "post_name" on null in /var/www/whfirearmsafterdark.com/htdocs/wp-content/plugins/mra-import-postgresql/cron-update-product.php on line 706
[2025-07-14 14:10:25] Error: Attempt to read property "post_name" on null in /var/www/whfirearmsafterdark.com/htdocs/wp-content/plugins/mra-import-postgresql/cron-update-product.php on line 706
[2025-07-14 14:50:14] Error: Attempt to read property "post_name" on null in /var/www/whfirearmsafterdark.com/htdocs/wp-content/plugins/mra-import-postgresql/cron-update-product.php on line 706
[2025-07-14 15:44:25] Error: Attempt to read property "post_name" on null in /var/www/whfirearmsafterdark.com/htdocs/wp-content/plugins/mra-import-postgresql/cron-update-product.php on line 706
[2025-07-14 16:33:50] Error: Attempt to read property "post_name" on null in /var/www/whfirearmsafterdark.com/htdocs/wp-content/plugins/mra-import-postgresql/cron-update-product.php on line 706
[2025-07-14 17:15:12] Error: Attempt to read property "post_name" on null in /var/www/whfirearmsafterdark.com/htdocs/wp-content/plugins/mra-import-postgresql/cron-update-product.php on line 706
[2025-07-14 17:53:04] Error: Attempt to read property "post_name" on null in /var/www/whfirearmsafterdark.com/htdocs/wp-content/plugins/mra-import-postgresql/cron-update-product.php on line 706
[2025-07-14 18:41:04] Error: Attempt to read property "post_name" on null in /var/www/whfirearmsafterdark.com/htdocs/wp-content/plugins/mra-import-postgresql/cron-update-product.php on line 706
[2025-07-14 19:32:04] Error: Attempt to read property "post_name" on null in /var/www/whfirearmsafterdark.com/htdocs/wp-content/plugins/mra-import-postgresql/cron-update-product.php on line 706
[2025-07-14 20:11:31] Error: Attempt to read property "post_name" on null in /var/www/whfirearmsafterdark.com/htdocs/wp-content/plugins/mra-import-postgresql/cron-update-product.php on line 706
[2025-07-14 20:50:06] Error: Attempt to read property "post_name" on null in /var/www/whfirearmsafterdark.com/htdocs/wp-content/plugins/mra-import-postgresql/cron-update-product.php on line 706
[2025-07-14 21:37:30] Error: Attempt to read property "post_name" on null in /var/www/whfirearmsafterdark.com/htdocs/wp-content/plugins/mra-import-postgresql/cron-update-product.php on line 706
[2025-07-14 22:19:54] Error: Attempt to read property "post_name" on null in /var/www/whfirearmsafterdark.com/htdocs/wp-content/plugins/mra-import-postgresql/cron-update-product.php on line 706
[2025-07-14 23:16:46] Error: Attempt to read property "post_name" on null in /var/www/whfirearmsafterdark.com/htdocs/wp-content/plugins/mra-import-postgresql/cron-update-product.php on line 706
[2025-07-15 11:57:59] Error: Attempt to read property "post_name" on null in /var/www/whfirearmsafterdark.com/htdocs/wp-content/plugins/mra-import-postgresql/cron-update-product.php on line 706
[2025-07-15 12:36:28] Error: Undefined variable $rows_product_cost in /var/www/whfirearmsafterdark.com/htdocs/wp-content/plugins/mra-import-postgresql/admin/inc-settings/filter-add-order.php on line 623
[2025-07-15 12:42:14] Error: Attempt to read property "post_name" on null in /var/www/whfirearmsafterdark.com/htdocs/wp-content/plugins/mra-import-postgresql/cron-update-product.php on line 706
[2025-07-15 13:27:20] Error: Attempt to read property "post_name" on null in /var/www/whfirearmsafterdark.com/htdocs/wp-content/plugins/mra-import-postgresql/cron-update-product.php on line 706
[2025-07-15 14:19:28] Error: Attempt to read property "post_name" on null in /var/www/whfirearmsafterdark.com/htdocs/wp-content/plugins/mra-import-postgresql/cron-update-product.php on line 706
[2025-07-15 15:11:26] Error: Attempt to read property "post_name" on null in /var/www/whfirearmsafterdark.com/htdocs/wp-content/plugins/mra-import-postgresql/cron-update-product.php on line 706
[2025-07-15 15:53:20] Error: Attempt to read property "post_name" on null in /var/www/whfirearmsafterdark.com/htdocs/wp-content/plugins/mra-import-postgresql/cron-update-product.php on line 706
[2025-07-15 20:21:25] Error: Attempt to read property "post_name" on null in /var/www/whfirearmsafterdark.com/htdocs/wp-content/plugins/mra-import-postgresql/cron-update-product.php on line 706
[2025-07-15 21:20:39] Error: Attempt to read property "post_name" on null in /var/www/whfirearmsafterdark.com/htdocs/wp-content/plugins/mra-import-postgresql/cron-update-product.php on line 706
[2025-07-15 22:14:15] Error: Attempt to read property "post_name" on null in /var/www/whfirearmsafterdark.com/htdocs/wp-content/plugins/mra-import-postgresql/cron-update-product.php on line 706
[2025-07-16 22:48:07] Error: Undefined variable $rows_product_cost in /var/www/whfirearmsafterdark.com/htdocs/wp-content/plugins/mra-import-postgresql/admin/inc-settings/filter-add-order.php on line 623
[2025-07-20 05:00:13] Error: Undefined array key "SERVER_PORT" in /home/wigh42224whad/home/wigh42224whad/sites/whfirearmsafterdark.com/htdocs/wp-content/plugins/uipress/admin/classes/uipress-app.php on line 41
[2025-07-20 05:00:13] Error: Undefined array key "HTTP_HOST" in /home/wigh42224whad/home/wigh42224whad/sites/whfirearmsafterdark.com/htdocs/wp-content/plugins/uipress/admin/classes/uipress-app.php on line 42
[2025-07-20 05:00:13] Error: Function _load_textdomain_just_in_time was called <strong>incorrectly</strong>. Translation loading for the <code>woocommerce-anti-fraud</code> domain was triggered too early. This is usually an indicator for some code in the plugin or theme running too early. Translations should be loaded at the <code>init</code> action or later. Please see <a href="https://developer.wordpress.org/advanced-administration/debug/debug-wordpress/">Debugging in WordPress</a> for more information. (This message was added in version 6.7.0.) in /home/wigh42224whad/home/wigh42224whad/sites/whfirearmsafterdark.com/htdocs/wp-includes/functions.php on line 6121
[2025-07-20 05:00:13] Error: Function _load_textdomain_just_in_time was called <strong>incorrectly</strong>. Translation loading for the <code>woocommerce-minimum-advertised-price</code> domain was triggered too early. This is usually an indicator for some code in the plugin or theme running too early. Translations should be loaded at the <code>init</code> action or later. Please see <a href="https://developer.wordpress.org/advanced-administration/debug/debug-wordpress/">Debugging in WordPress</a> for more information. (This message was added in version 6.7.0.) in /home/wigh42224whad/home/wigh42224whad/sites/whfirearmsafterdark.com/htdocs/wp-includes/functions.php on line 6121
[2025-07-20 05:00:14] Error: Function _load_textdomain_just_in_time was called <strong>incorrectly</strong>. Translation loading for the <code>woocommerce</code> domain was triggered too early. This is usually an indicator for some code in the plugin or theme running too early. Translations should be loaded at the <code>init</code> action or later. Please see <a href="https://developer.wordpress.org/advanced-administration/debug/debug-wordpress/">Debugging in WordPress</a> for more information. (This message was added in version 6.7.0.) in /home/wigh42224whad/home/wigh42224whad/sites/whfirearmsafterdark.com/htdocs/wp-includes/functions.php on line 6121
[2025-07-20 05:00:14] Error: Return type of SV_WC_DateTime::getTimestamp() should either be compatible with DateTime::getTimestamp(): int, or the #[\ReturnTypeWillChange] attribute should be used to temporarily suppress the notice in /home/wigh42224whad/home/wigh42224whad/sites/whfirearmsafterdark.com/htdocs/wp-content/plugins/woocommerce-minimum-advertised-price/lib/skyverge/woocommerce/compatibility/class-sv-wc-datetime.php on line 59
[2025-07-26 23:14:22] Error: Attempt to read property "post_name" on null in /var/www/whfirearmsafterdark.com/htdocs/wp-content/plugins/mra-import-postgresql/cron-update-product.php on line 706
[2025-07-27 00:50:06] Error: Attempt to read property "post_name" on null in /var/www/whfirearmsafterdark.com/htdocs/wp-content/plugins/mra-import-postgresql/cron-update-product.php on line 706
[2025-07-27 01:53:53] Error: Attempt to read property "post_name" on null in /var/www/whfirearmsafterdark.com/htdocs/wp-content/plugins/mra-import-postgresql/cron-update-product.php on line 706
[2025-07-27 02:50:13] Error: Attempt to read property "post_name" on null in /var/www/whfirearmsafterdark.com/htdocs/wp-content/plugins/mra-import-postgresql/cron-update-product.php on line 706
[2025-07-27 03:46:28] Error: Attempt to read property "post_name" on null in /var/www/whfirearmsafterdark.com/htdocs/wp-content/plugins/mra-import-postgresql/cron-update-product.php on line 706
[2025-07-27 05:00:17] Error: Undefined array key "SERVER_PORT" in /home/wigh42224whad/home/wigh42224whad/sites/whfirearmsafterdark.com/htdocs/wp-content/plugins/uipress/admin/classes/uipress-app.php on line 41
[2025-07-27 05:00:17] Error: Undefined array key "HTTP_HOST" in /home/wigh42224whad/home/wigh42224whad/sites/whfirearmsafterdark.com/htdocs/wp-content/plugins/uipress/admin/classes/uipress-app.php on line 42
[2025-07-27 05:00:18] Error: Function _load_textdomain_just_in_time was called <strong>incorrectly</strong>. Translation loading for the <code>woocommerce-anti-fraud</code> domain was triggered too early. This is usually an indicator for some code in the plugin or theme running too early. Translations should be loaded at the <code>init</code> action or later. Please see <a href="https://developer.wordpress.org/advanced-administration/debug/debug-wordpress/">Debugging in WordPress</a> for more information. (This message was added in version 6.7.0.) in /home/wigh42224whad/home/wigh42224whad/sites/whfirearmsafterdark.com/htdocs/wp-includes/functions.php on line 6121
[2025-07-27 05:00:18] Error: Function _load_textdomain_just_in_time was called <strong>incorrectly</strong>. Translation loading for the <code>woocommerce-minimum-advertised-price</code> domain was triggered too early. This is usually an indicator for some code in the plugin or theme running too early. Translations should be loaded at the <code>init</code> action or later. Please see <a href="https://developer.wordpress.org/advanced-administration/debug/debug-wordpress/">Debugging in WordPress</a> for more information. (This message was added in version 6.7.0.) in /home/wigh42224whad/home/wigh42224whad/sites/whfirearmsafterdark.com/htdocs/wp-includes/functions.php on line 6121
[2025-07-27 05:00:18] Error: Function _load_textdomain_just_in_time was called <strong>incorrectly</strong>. Translation loading for the <code>woocommerce</code> domain was triggered too early. This is usually an indicator for some code in the plugin or theme running too early. Translations should be loaded at the <code>init</code> action or later. Please see <a href="https://developer.wordpress.org/advanced-administration/debug/debug-wordpress/">Debugging in WordPress</a> for more information. (This message was added in version 6.7.0.) in /home/wigh42224whad/home/wigh42224whad/sites/whfirearmsafterdark.com/htdocs/wp-includes/functions.php on line 6121
[2025-07-27 05:00:18] Error: Return type of SV_WC_DateTime::getTimestamp() should either be compatible with DateTime::getTimestamp(): int, or the #[\ReturnTypeWillChange] attribute should be used to temporarily suppress the notice in /home/wigh42224whad/home/wigh42224whad/sites/whfirearmsafterdark.com/htdocs/wp-content/plugins/woocommerce-minimum-advertised-price/lib/skyverge/woocommerce/compatibility/class-sv-wc-datetime.php on line 59
[2025-07-27 05:22:05] Error: Attempt to read property "post_name" on null in /var/www/whfirearmsafterdark.com/htdocs/wp-content/plugins/mra-import-postgresql/cron-update-product.php on line 706
[2025-07-27 06:58:28] Error: Attempt to read property "post_name" on null in /var/www/whfirearmsafterdark.com/htdocs/wp-content/plugins/mra-import-postgresql/cron-update-product.php on line 706
[2025-07-27 08:56:32] Error: Attempt to read property "post_name" on null in /var/www/whfirearmsafterdark.com/htdocs/wp-content/plugins/mra-import-postgresql/cron-update-product.php on line 706
[2025-07-27 10:43:07] Error: Attempt to read property "post_name" on null in /var/www/whfirearmsafterdark.com/htdocs/wp-content/plugins/mra-import-postgresql/cron-update-product.php on line 706
[2025-07-27 11:29:56] Error: Attempt to read property "post_name" on null in /var/www/whfirearmsafterdark.com/htdocs/wp-content/plugins/mra-import-postgresql/cron-update-product.php on line 706
[2025-07-27 12:27:12] Error: Attempt to read property "post_name" on null in /var/www/whfirearmsafterdark.com/htdocs/wp-content/plugins/mra-import-postgresql/cron-update-product.php on line 706
[2025-07-27 13:02:36] Error: Attempt to read property "post_name" on null in /var/www/whfirearmsafterdark.com/htdocs/wp-content/plugins/mra-import-postgresql/cron-update-product.php on line 706
[2025-07-27 13:03:37] Error: Attempt to read property "post_name" on null in /var/www/whfirearmsafterdark.com/htdocs/wp-content/plugins/mra-import-postgresql/cron-update-product.php on line 706
[2025-07-27 13:24:31] Error: Attempt to read property "post_name" on null in /var/www/whfirearmsafterdark.com/htdocs/wp-content/plugins/mra-import-postgresql/cron-update-product.php on line 706
[2025-07-27 13:57:09] Error: Attempt to read property "post_name" on null in /var/www/whfirearmsafterdark.com/htdocs/wp-content/plugins/mra-import-postgresql/cron-update-product.php on line 706
[2025-07-27 13:58:08] Error: Attempt to read property "post_name" on null in /var/www/whfirearmsafterdark.com/htdocs/wp-content/plugins/mra-import-postgresql/cron-update-product.php on line 706
[2025-07-27 14:40:40] Error: Attempt to read property "post_name" on null in /var/www/whfirearmsafterdark.com/htdocs/wp-content/plugins/mra-import-postgresql/cron-update-product.php on line 706
[2025-07-27 15:19:50] Error: Attempt to read property "post_name" on null in /var/www/whfirearmsafterdark.com/htdocs/wp-content/plugins/mra-import-postgresql/cron-update-product.php on line 706
[2025-07-27 16:07:22] Error: Attempt to read property "post_name" on null in /var/www/whfirearmsafterdark.com/htdocs/wp-content/plugins/mra-import-postgresql/cron-update-product.php on line 706
[2025-07-27 16:47:13] Error: Attempt to read property "post_name" on null in /var/www/whfirearmsafterdark.com/htdocs/wp-content/plugins/mra-import-postgresql/cron-update-product.php on line 706
[2025-07-27 17:40:31] Error: Attempt to read property "post_name" on null in /var/www/whfirearmsafterdark.com/htdocs/wp-content/plugins/mra-import-postgresql/cron-update-product.php on line 706
[2025-07-27 18:19:18] Error: Attempt to read property "post_name" on null in /var/www/whfirearmsafterdark.com/htdocs/wp-content/plugins/mra-import-postgresql/cron-update-product.php on line 706
[2025-08-01 01:09:17] Error: Attempt to read property "post_name" on null in /var/www/whfirearmsafterdark.com/htdocs/wp-content/plugins/mra-import-postgresql/cron-update-product.php on line 706
[2025-08-01 02:11:38] Error: Attempt to read property "post_name" on null in /var/www/whfirearmsafterdark.com/htdocs/wp-content/plugins/mra-import-postgresql/cron-update-product.php on line 706
[2025-08-01 02:47:38] Error: Attempt to read property "post_name" on null in /var/www/whfirearmsafterdark.com/htdocs/wp-content/plugins/mra-import-postgresql/cron-update-product.php on line 706
[2025-08-01 03:41:36] Error: Attempt to read property "post_name" on null in /var/www/whfirearmsafterdark.com/htdocs/wp-content/plugins/mra-import-postgresql/cron-update-product.php on line 706
[2025-08-01 04:07:54] Error: Attempt to read property "post_name" on null in /var/www/whfirearmsafterdark.com/htdocs/wp-content/plugins/mra-import-postgresql/cron-update-product.php on line 706
[2025-08-01 04:48:09] Error: Attempt to read property "post_name" on null in /var/www/whfirearmsafterdark.com/htdocs/wp-content/plugins/mra-import-postgresql/cron-update-product.php on line 706
[2025-08-01 05:38:16] Error: Attempt to read property "post_name" on null in /var/www/whfirearmsafterdark.com/htdocs/wp-content/plugins/mra-import-postgresql/cron-update-product.php on line 706
[2025-08-01 06:23:22] Error: Attempt to read property "post_name" on null in /var/www/whfirearmsafterdark.com/htdocs/wp-content/plugins/mra-import-postgresql/cron-update-product.php on line 706
[2025-08-01 07:18:47] Error: Attempt to read property "post_name" on null in /var/www/whfirearmsafterdark.com/htdocs/wp-content/plugins/mra-import-postgresql/cron-update-product.php on line 706
[2025-08-01 07:56:08] Error: Attempt to read property "post_name" on null in /var/www/whfirearmsafterdark.com/htdocs/wp-content/plugins/mra-import-postgresql/cron-update-product.php on line 706
[2025-08-01 08:41:02] Error: Attempt to read property "post_name" on null in /var/www/whfirearmsafterdark.com/htdocs/wp-content/plugins/mra-import-postgresql/cron-update-product.php on line 706
[2025-08-01 09:20:38] Error: Attempt to read property "post_name" on null in /var/www/whfirearmsafterdark.com/htdocs/wp-content/plugins/mra-import-postgresql/cron-update-product.php on line 706
[2025-08-01 10:09:02] Error: Attempt to read property "post_name" on null in /var/www/whfirearmsafterdark.com/htdocs/wp-content/plugins/mra-import-postgresql/cron-update-product.php on line 706
[2025-08-01 10:48:40] Error: Attempt to read property "post_name" on null in /var/www/whfirearmsafterdark.com/htdocs/wp-content/plugins/mra-import-postgresql/cron-update-product.php on line 706
[2025-08-01 11:41:03] Error: Attempt to read property "post_name" on null in /var/www/whfirearmsafterdark.com/htdocs/wp-content/plugins/mra-import-postgresql/cron-update-product.php on line 706
[2025-08-01 12:21:01] Error: Attempt to read property "post_name" on null in /var/www/whfirearmsafterdark.com/htdocs/wp-content/plugins/mra-import-postgresql/cron-update-product.php on line 706
[2025-08-01 13:10:42] Error: Attempt to read property "post_name" on null in /var/www/whfirearmsafterdark.com/htdocs/wp-content/plugins/mra-import-postgresql/cron-update-product.php on line 706
[2025-08-01 13:46:41] Error: Attempt to read property "post_name" on null in /var/www/whfirearmsafterdark.com/htdocs/wp-content/plugins/mra-import-postgresql/cron-update-product.php on line 706
[2025-08-01 14:42:10] Error: Attempt to read property "post_name" on null in /var/www/whfirearmsafterdark.com/htdocs/wp-content/plugins/mra-import-postgresql/cron-update-product.php on line 706
[2025-08-01 15:24:29] Error: Attempt to read property "post_name" on null in /var/www/whfirearmsafterdark.com/htdocs/wp-content/plugins/mra-import-postgresql/cron-update-product.php on line 706
[2025-08-01 16:11:06] Error: Attempt to read property "post_name" on null in /var/www/whfirearmsafterdark.com/htdocs/wp-content/plugins/mra-import-postgresql/cron-update-product.php on line 706
[2025-08-01 17:01:27] Error: Attempt to read property "post_name" on null in /var/www/whfirearmsafterdark.com/htdocs/wp-content/plugins/mra-import-postgresql/cron-update-product.php on line 706
[2025-08-01 17:47:07] Error: Attempt to read property "post_name" on null in /var/www/whfirearmsafterdark.com/htdocs/wp-content/plugins/mra-import-postgresql/cron-update-product.php on line 706
[2025-08-01 18:43:06] Error: Attempt to read property "post_name" on null in /var/www/whfirearmsafterdark.com/htdocs/wp-content/plugins/mra-import-postgresql/cron-update-product.php on line 706
[2025-08-01 19:16:52] Error: Attempt to read property "post_name" on null in /var/www/whfirearmsafterdark.com/htdocs/wp-content/plugins/mra-import-postgresql/cron-update-product.php on line 706
[2025-08-01 19:59:00] Error: Attempt to read property "post_name" on null in /var/www/whfirearmsafterdark.com/htdocs/wp-content/plugins/mra-import-postgresql/cron-update-product.php on line 706
[2025-08-01 20:42:58] Error: Attempt to read property "post_name" on null in /var/www/whfirearmsafterdark.com/htdocs/wp-content/plugins/mra-import-postgresql/cron-update-product.php on line 706
[2025-08-01 21:22:21] Error: Attempt to read property "post_name" on null in /var/www/whfirearmsafterdark.com/htdocs/wp-content/plugins/mra-import-postgresql/cron-update-product.php on line 706
[2025-08-01 22:10:11] Error: foreach() argument must be of type array|object, string given in /var/www/whfirearmsafterdark.com/htdocs/wp-content/plugins/mra-import-postgresql/admin/inc-settings/filter-add-order.php on line 447
[2025-08-01 22:10:11] Error: foreach() argument must be of type array|object, string given in /var/www/whfirearmsafterdark.com/htdocs/wp-content/plugins/mra-import-postgresql/admin/inc-settings/filter-add-order.php on line 447
[2025-08-01 22:10:11] Error: foreach() argument must be of type array|object, string given in /var/www/whfirearmsafterdark.com/htdocs/wp-content/plugins/mra-import-postgresql/admin/inc-settings/filter-add-order.php on line 447
[2025-08-01 22:10:11] Error: foreach() argument must be of type array|object, string given in /var/www/whfirearmsafterdark.com/htdocs/wp-content/plugins/mra-import-postgresql/admin/inc-settings/filter-add-order.php on line 447
[2025-08-01 22:10:11] Error: foreach() argument must be of type array|object, string given in /var/www/whfirearmsafterdark.com/htdocs/wp-content/plugins/mra-import-postgresql/admin/inc-settings/filter-add-order.php on line 447
[2025-08-01 22:10:11] Error: foreach() argument must be of type array|object, string given in /var/www/whfirearmsafterdark.com/htdocs/wp-content/plugins/mra-import-postgresql/admin/inc-settings/filter-add-order.php on line 447
[2025-08-01 22:10:20] Error: foreach() argument must be of type array|object, string given in /var/www/whfirearmsafterdark.com/htdocs/wp-content/plugins/mra-import-postgresql/admin/inc-settings/filter-add-order.php on line 447
[2025-08-01 22:10:20] Error: foreach() argument must be of type array|object, string given in /var/www/whfirearmsafterdark.com/htdocs/wp-content/plugins/mra-import-postgresql/admin/inc-settings/filter-add-order.php on line 447
[2025-08-01 22:10:20] Error: foreach() argument must be of type array|object, string given in /var/www/whfirearmsafterdark.com/htdocs/wp-content/plugins/mra-import-postgresql/admin/inc-settings/filter-add-order.php on line 447
[2025-08-01 22:10:20] Error: foreach() argument must be of type array|object, string given in /var/www/whfirearmsafterdark.com/htdocs/wp-content/plugins/mra-import-postgresql/admin/inc-settings/filter-add-order.php on line 447
[2025-08-01 22:10:20] Error: foreach() argument must be of type array|object, string given in /var/www/whfirearmsafterdark.com/htdocs/wp-content/plugins/mra-import-postgresql/admin/inc-settings/filter-add-order.php on line 447
[2025-08-01 22:10:20] Error: foreach() argument must be of type array|object, string given in /var/www/whfirearmsafterdark.com/htdocs/wp-content/plugins/mra-import-postgresql/admin/inc-settings/filter-add-order.php on line 447
[2025-08-01 22:10:25] Error: Attempt to read property "post_name" on null in /var/www/whfirearmsafterdark.com/htdocs/wp-content/plugins/mra-import-postgresql/cron-update-product.php on line 706
[2025-08-01 22:10:52] Error: foreach() argument must be of type array|object, string given in /var/www/whfirearmsafterdark.com/htdocs/wp-content/plugins/mra-import-postgresql/admin/inc-settings/filter-add-order.php on line 447
[2025-08-01 22:10:52] Error: foreach() argument must be of type array|object, string given in /var/www/whfirearmsafterdark.com/htdocs/wp-content/plugins/mra-import-postgresql/admin/inc-settings/filter-add-order.php on line 447
[2025-08-01 22:10:52] Error: foreach() argument must be of type array|object, string given in /var/www/whfirearmsafterdark.com/htdocs/wp-content/plugins/mra-import-postgresql/admin/inc-settings/filter-add-order.php on line 447
[2025-08-01 22:10:52] Error: foreach() argument must be of type array|object, string given in /var/www/whfirearmsafterdark.com/htdocs/wp-content/plugins/mra-import-postgresql/admin/inc-settings/filter-add-order.php on line 447
[2025-08-01 22:10:52] Error: foreach() argument must be of type array|object, string given in /var/www/whfirearmsafterdark.com/htdocs/wp-content/plugins/mra-import-postgresql/admin/inc-settings/filter-add-order.php on line 447
[2025-08-01 22:10:52] Error: foreach() argument must be of type array|object, string given in /var/www/whfirearmsafterdark.com/htdocs/wp-content/plugins/mra-import-postgresql/admin/inc-settings/filter-add-order.php on line 447
[2025-08-01 22:12:10] Error: foreach() argument must be of type array|object, string given in /var/www/whfirearmsafterdark.com/htdocs/wp-content/plugins/mra-import-postgresql/admin/inc-settings/filter-add-order.php on line 447
[2025-08-01 22:12:10] Error: foreach() argument must be of type array|object, string given in /var/www/whfirearmsafterdark.com/htdocs/wp-content/plugins/mra-import-postgresql/admin/inc-settings/filter-add-order.php on line 447
[2025-08-01 22:12:10] Error: foreach() argument must be of type array|object, string given in /var/www/whfirearmsafterdark.com/htdocs/wp-content/plugins/mra-import-postgresql/admin/inc-settings/filter-add-order.php on line 447
[2025-08-01 22:12:10] Error: foreach() argument must be of type array|object, string given in /var/www/whfirearmsafterdark.com/htdocs/wp-content/plugins/mra-import-postgresql/admin/inc-settings/filter-add-order.php on line 447
[2025-08-01 22:12:10] Error: foreach() argument must be of type array|object, string given in /var/www/whfirearmsafterdark.com/htdocs/wp-content/plugins/mra-import-postgresql/admin/inc-settings/filter-add-order.php on line 447
[2025-08-01 22:12:10] Error: foreach() argument must be of type array|object, string given in /var/www/whfirearmsafterdark.com/htdocs/wp-content/plugins/mra-import-postgresql/admin/inc-settings/filter-add-order.php on line 447
[2025-08-01 22:17:59] Error: foreach() argument must be of type array|object, string given in /var/www/whfirearmsafterdark.com/htdocs/wp-content/plugins/mra-import-postgresql/admin/inc-settings/filter-add-order.php on line 447
[2025-08-01 22:17:59] Error: foreach() argument must be of type array|object, string given in /var/www/whfirearmsafterdark.com/htdocs/wp-content/plugins/mra-import-postgresql/admin/inc-settings/filter-add-order.php on line 447
[2025-08-01 22:17:59] Error: foreach() argument must be of type array|object, string given in /var/www/whfirearmsafterdark.com/htdocs/wp-content/plugins/mra-import-postgresql/admin/inc-settings/filter-add-order.php on line 447
[2025-08-01 22:17:59] Error: foreach() argument must be of type array|object, string given in /var/www/whfirearmsafterdark.com/htdocs/wp-content/plugins/mra-import-postgresql/admin/inc-settings/filter-add-order.php on line 447
[2025-08-01 22:17:59] Error: foreach() argument must be of type array|object, string given in /var/www/whfirearmsafterdark.com/htdocs/wp-content/plugins/mra-import-postgresql/admin/inc-settings/filter-add-order.php on line 447
[2025-08-01 22:17:59] Error: foreach() argument must be of type array|object, string given in /var/www/whfirearmsafterdark.com/htdocs/wp-content/plugins/mra-import-postgresql/admin/inc-settings/filter-add-order.php on line 447
[2025-08-01 22:52:24] Error: Attempt to read property "post_name" on null in /var/www/whfirearmsafterdark.com/htdocs/wp-content/plugins/mra-import-postgresql/cron-update-product.php on line 706
[2025-08-01 23:41:29] Error: Attempt to read property "post_name" on null in /var/www/whfirearmsafterdark.com/htdocs/wp-content/plugins/mra-import-postgresql/cron-update-product.php on line 706
[2025-08-02 00:18:20] Error: Attempt to read property "post_name" on null in /var/www/whfirearmsafterdark.com/htdocs/wp-content/plugins/mra-import-postgresql/cron-update-product.php on line 706
[2025-08-02 01:10:35] Error: Attempt to read property "post_name" on null in /var/www/whfirearmsafterdark.com/htdocs/wp-content/plugins/mra-import-postgresql/cron-update-product.php on line 706
[2025-08-02 01:50:32] Error: Attempt to read property "post_name" on null in /var/www/whfirearmsafterdark.com/htdocs/wp-content/plugins/mra-import-postgresql/cron-update-product.php on line 706
[2025-08-02 02:41:20] Error: Attempt to read property "post_name" on null in /var/www/whfirearmsafterdark.com/htdocs/wp-content/plugins/mra-import-postgresql/cron-update-product.php on line 706
[2025-08-02 03:20:36] Error: Attempt to read property "post_name" on null in /var/www/whfirearmsafterdark.com/htdocs/wp-content/plugins/mra-import-postgresql/cron-update-product.php on line 706
[2025-08-02 04:11:01] Error: Attempt to read property "post_name" on null in /var/www/whfirearmsafterdark.com/htdocs/wp-content/plugins/mra-import-postgresql/cron-update-product.php on line 706
[2025-08-02 04:49:36] Error: Attempt to read property "post_name" on null in /var/www/whfirearmsafterdark.com/htdocs/wp-content/plugins/mra-import-postgresql/cron-update-product.php on line 706
[2025-08-02 05:42:48] Error: Attempt to read property "post_name" on null in /var/www/whfirearmsafterdark.com/htdocs/wp-content/plugins/mra-import-postgresql/cron-update-product.php on line 706
[2025-08-02 06:24:46] Error: Attempt to read property "post_name" on null in /var/www/whfirearmsafterdark.com/htdocs/wp-content/plugins/mra-import-postgresql/cron-update-product.php on line 706
[2025-08-02 07:17:20] Error: Attempt to read property "post_name" on null in /var/www/whfirearmsafterdark.com/htdocs/wp-content/plugins/mra-import-postgresql/cron-update-product.php on line 706
[2025-08-02 08:00:25] Error: Attempt to read property "post_name" on null in /var/www/whfirearmsafterdark.com/htdocs/wp-content/plugins/mra-import-postgresql/cron-update-product.php on line 706
[2025-08-02 08:44:09] Error: Attempt to read property "post_name" on null in /var/www/whfirearmsafterdark.com/htdocs/wp-content/plugins/mra-import-postgresql/cron-update-product.php on line 706
[2025-08-02 09:40:34] Error: Attempt to read property "post_name" on null in /var/www/whfirearmsafterdark.com/htdocs/wp-content/plugins/mra-import-postgresql/cron-update-product.php on line 706
[2025-08-02 10:40:38] Error: Attempt to read property "post_name" on null in /var/www/whfirearmsafterdark.com/htdocs/wp-content/plugins/mra-import-postgresql/cron-update-product.php on line 706
[2025-08-02 11:35:00] Error: Attempt to read property "post_name" on null in /var/www/whfirearmsafterdark.com/htdocs/wp-content/plugins/mra-import-postgresql/cron-update-product.php on line 706
[2025-08-02 12:11:56] Error: Attempt to read property "post_name" on null in /var/www/whfirearmsafterdark.com/htdocs/wp-content/plugins/mra-import-postgresql/cron-update-product.php on line 706
[2025-08-02 12:57:38] Error: Attempt to read property "post_name" on null in /var/www/whfirearmsafterdark.com/htdocs/wp-content/plugins/mra-import-postgresql/cron-update-product.php on line 706
[2025-08-02 13:42:28] Error: Attempt to read property "post_name" on null in /var/www/whfirearmsafterdark.com/htdocs/wp-content/plugins/mra-import-postgresql/cron-update-product.php on line 706
[2025-08-02 14:25:19] Error: Attempt to read property "post_name" on null in /var/www/whfirearmsafterdark.com/htdocs/wp-content/plugins/mra-import-postgresql/cron-update-product.php on line 706
[2025-08-02 15:10:30] Error: Attempt to read property "post_name" on null in /var/www/whfirearmsafterdark.com/htdocs/wp-content/plugins/mra-import-postgresql/cron-update-product.php on line 706
[2025-08-02 15:59:22] Error: Attempt to read property "post_name" on null in /var/www/whfirearmsafterdark.com/htdocs/wp-content/plugins/mra-import-postgresql/cron-update-product.php on line 706
[2025-08-02 16:46:15] Error: Attempt to read property "post_name" on null in /var/www/whfirearmsafterdark.com/htdocs/wp-content/plugins/mra-import-postgresql/cron-update-product.php on line 706
[2025-08-02 17:37:45] Error: Attempt to read property "post_name" on null in /var/www/whfirearmsafterdark.com/htdocs/wp-content/plugins/mra-import-postgresql/cron-update-product.php on line 706
[2025-08-02 18:21:58] Error: Attempt to read property "post_name" on null in /var/www/whfirearmsafterdark.com/htdocs/wp-content/plugins/mra-import-postgresql/cron-update-product.php on line 706
[2025-08-02 19:14:53] Error: Attempt to read property "post_name" on null in /var/www/whfirearmsafterdark.com/htdocs/wp-content/plugins/mra-import-postgresql/cron-update-product.php on line 706
[2025-08-02 20:44:32] Error: Attempt to read property "post_name" on null in /var/www/whfirearmsafterdark.com/htdocs/wp-content/plugins/mra-import-postgresql/cron-update-product.php on line 706
[2025-08-02 21:40:35] Error: Attempt to read property "post_name" on null in /var/www/whfirearmsafterdark.com/htdocs/wp-content/plugins/mra-import-postgresql/cron-update-product.php on line 706
[2025-08-02 22:18:27] Error: Attempt to read property "post_name" on null in /var/www/whfirearmsafterdark.com/htdocs/wp-content/plugins/mra-import-postgresql/cron-update-product.php on line 706
[2025-08-02 23:00:22] Error: Attempt to read property "post_name" on null in /var/www/whfirearmsafterdark.com/htdocs/wp-content/plugins/mra-import-postgresql/cron-update-product.php on line 706
[2025-08-02 23:49:40] Error: Attempt to read property "post_name" on null in /var/www/whfirearmsafterdark.com/htdocs/wp-content/plugins/mra-import-postgresql/cron-update-product.php on line 706
[2025-08-03 00:56:20] Error: Attempt to read property "post_name" on null in /var/www/whfirearmsafterdark.com/htdocs/wp-content/plugins/mra-import-postgresql/cron-update-product.php on line 706
[2025-08-03 01:52:32] Error: Attempt to read property "post_name" on null in /var/www/whfirearmsafterdark.com/htdocs/wp-content/plugins/mra-import-postgresql/cron-update-product.php on line 706
[2025-08-03 02:38:03] Error: Attempt to read property "post_name" on null in /var/www/whfirearmsafterdark.com/htdocs/wp-content/plugins/mra-import-postgresql/cron-update-product.php on line 706
[2025-08-03 03:19:56] Error: Attempt to read property "post_name" on null in /var/www/whfirearmsafterdark.com/htdocs/wp-content/plugins/mra-import-postgresql/cron-update-product.php on line 706
[2025-08-03 03:20:58] Error: Attempt to read property "post_name" on null in /var/www/whfirearmsafterdark.com/htdocs/wp-content/plugins/mra-import-postgresql/cron-update-product.php on line 706
[2025-08-03 04:14:29] Error: Attempt to read property "post_name" on null in /var/www/whfirearmsafterdark.com/htdocs/wp-content/plugins/mra-import-postgresql/cron-update-product.php on line 706
[2025-08-03 05:00:11] Error: Undefined array key "SERVER_PORT" in /home/wigh42224whad/home/wigh42224whad/sites/whfirearmsafterdark.com/htdocs/wp-content/plugins/uipress/admin/classes/uipress-app.php on line 41
[2025-08-03 05:00:11] Error: Undefined array key "HTTP_HOST" in /home/wigh42224whad/home/wigh42224whad/sites/whfirearmsafterdark.com/htdocs/wp-content/plugins/uipress/admin/classes/uipress-app.php on line 42
[2025-08-03 05:00:11] Error: Function _load_textdomain_just_in_time was called <strong>incorrectly</strong>. Translation loading for the <code>woocommerce-minimum-advertised-price</code> domain was triggered too early. This is usually an indicator for some code in the plugin or theme running too early. Translations should be loaded at the <code>init</code> action or later. Please see <a href="https://developer.wordpress.org/advanced-administration/debug/debug-wordpress/">Debugging in WordPress</a> for more information. (This message was added in version 6.7.0.) in /home/wigh42224whad/home/wigh42224whad/sites/whfirearmsafterdark.com/htdocs/wp-includes/functions.php on line 6121
[2025-08-03 05:00:11] Error: Function _load_textdomain_just_in_time was called <strong>incorrectly</strong>. Translation loading for the <code>woocommerce</code> domain was triggered too early. This is usually an indicator for some code in the plugin or theme running too early. Translations should be loaded at the <code>init</code> action or later. Please see <a href="https://developer.wordpress.org/advanced-administration/debug/debug-wordpress/">Debugging in WordPress</a> for more information. (This message was added in version 6.7.0.) in /home/wigh42224whad/home/wigh42224whad/sites/whfirearmsafterdark.com/htdocs/wp-includes/functions.php on line 6121
[2025-08-03 05:00:11] Error: Return type of SV_WC_DateTime::getTimestamp() should either be compatible with DateTime::getTimestamp(): int, or the #[\ReturnTypeWillChange] attribute should be used to temporarily suppress the notice in /home/wigh42224whad/home/wigh42224whad/sites/whfirearmsafterdark.com/htdocs/wp-content/plugins/woocommerce-minimum-advertised-price/lib/skyverge/woocommerce/compatibility/class-sv-wc-datetime.php on line 59
[2025-08-03 05:05:00] Error: Attempt to read property "post_name" on null in /var/www/whfirearmsafterdark.com/htdocs/wp-content/plugins/mra-import-postgresql/cron-update-product.php on line 706
[2025-08-03 05:50:26] Error: Attempt to read property "post_name" on null in /var/www/whfirearmsafterdark.com/htdocs/wp-content/plugins/mra-import-postgresql/cron-update-product.php on line 706
[2025-08-03 06:47:35] Error: Attempt to read property "post_name" on null in /var/www/whfirearmsafterdark.com/htdocs/wp-content/plugins/mra-import-postgresql/cron-update-product.php on line 706
[2025-08-03 07:33:54] Error: Attempt to read property "post_name" on null in /var/www/whfirearmsafterdark.com/htdocs/wp-content/plugins/mra-import-postgresql/cron-update-product.php on line 706
[2025-08-03 08:18:12] Error: Attempt to read property "post_name" on null in /var/www/whfirearmsafterdark.com/htdocs/wp-content/plugins/mra-import-postgresql/cron-update-product.php on line 706
[2025-08-03 09:13:14] Error: Attempt to read property "post_name" on null in /var/www/whfirearmsafterdark.com/htdocs/wp-content/plugins/mra-import-postgresql/cron-update-product.php on line 706
[2025-08-03 09:49:42] Error: Attempt to read property "post_name" on null in /var/www/whfirearmsafterdark.com/htdocs/wp-content/plugins/mra-import-postgresql/cron-update-product.php on line 706
[2025-08-03 10:52:37] Error: Attempt to read property "post_name" on null in /var/www/whfirearmsafterdark.com/htdocs/wp-content/plugins/mra-import-postgresql/cron-update-product.php on line 706
[2025-08-03 11:43:23] Error: Attempt to read property "post_name" on null in /var/www/whfirearmsafterdark.com/htdocs/wp-content/plugins/mra-import-postgresql/cron-update-product.php on line 706
[2025-08-03 12:38:30] Error: Attempt to read property "post_name" on null in /var/www/whfirearmsafterdark.com/htdocs/wp-content/plugins/mra-import-postgresql/cron-update-product.php on line 706
[2025-08-03 13:12:16] Error: Attempt to read property "post_name" on null in /var/www/whfirearmsafterdark.com/htdocs/wp-content/plugins/mra-import-postgresql/cron-update-product.php on line 706
[2025-08-03 13:54:07] Error: Attempt to read property "post_name" on null in /var/www/whfirearmsafterdark.com/htdocs/wp-content/plugins/mra-import-postgresql/cron-update-product.php on line 706
[2025-08-03 14:46:05] Error: Attempt to read property "post_name" on null in /var/www/whfirearmsafterdark.com/htdocs/wp-content/plugins/mra-import-postgresql/cron-update-product.php on line 706
[2025-08-03 15:35:52] Error: Attempt to read property "post_name" on null in /var/www/whfirearmsafterdark.com/htdocs/wp-content/plugins/mra-import-postgresql/cron-update-product.php on line 706
[2025-08-03 16:23:11] Error: Attempt to read property "post_name" on null in /var/www/whfirearmsafterdark.com/htdocs/wp-content/plugins/mra-import-postgresql/cron-update-product.php on line 706
[2025-08-03 17:20:11] Error: Attempt to read property "post_name" on null in /var/www/whfirearmsafterdark.com/htdocs/wp-content/plugins/mra-import-postgresql/cron-update-product.php on line 706
[2025-08-03 18:13:10] Error: Attempt to read property "post_name" on null in /var/www/whfirearmsafterdark.com/htdocs/wp-content/plugins/mra-import-postgresql/cron-update-product.php on line 706
[2025-08-03 19:17:34] Error: Attempt to read property "post_name" on null in /var/www/whfirearmsafterdark.com/htdocs/wp-content/plugins/mra-import-postgresql/cron-update-product.php on line 706
[2025-08-03 20:21:21] Error: Attempt to read property "post_name" on null in /var/www/whfirearmsafterdark.com/htdocs/wp-content/plugins/mra-import-postgresql/cron-update-product.php on line 706
[2025-08-03 21:17:36] Error: Attempt to read property "post_name" on null in /var/www/whfirearmsafterdark.com/htdocs/wp-content/plugins/mra-import-postgresql/cron-update-product.php on line 706
[2025-08-03 22:23:09] Error: Attempt to read property "post_name" on null in /var/www/whfirearmsafterdark.com/htdocs/wp-content/plugins/mra-import-postgresql/cron-update-product.php on line 706
[2025-08-03 23:13:32] Error: Attempt to read property "post_name" on null in /var/www/whfirearmsafterdark.com/htdocs/wp-content/plugins/mra-import-postgresql/cron-update-product.php on line 706
[2025-08-04 00:22:18] Error: Attempt to read property "post_name" on null in /var/www/whfirearmsafterdark.com/htdocs/wp-content/plugins/mra-import-postgresql/cron-update-product.php on line 706
[2025-08-04 01:31:42] Error: Attempt to read property "post_name" on null in /var/www/whfirearmsafterdark.com/htdocs/wp-content/plugins/mra-import-postgresql/cron-update-product.php on line 706
[2025-08-04 02:13:46] Error: Attempt to read property "post_name" on null in /var/www/whfirearmsafterdark.com/htdocs/wp-content/plugins/mra-import-postgresql/cron-update-product.php on line 706
[2025-08-04 03:07:23] Error: Attempt to read property "post_name" on null in /var/www/whfirearmsafterdark.com/htdocs/wp-content/plugins/mra-import-postgresql/cron-update-product.php on line 706
[2025-08-04 03:52:36] Error: Attempt to read property "post_name" on null in /var/www/whfirearmsafterdark.com/htdocs/wp-content/plugins/mra-import-postgresql/cron-update-product.php on line 706
[2025-08-04 05:04:02] Error: Attempt to read property "post_name" on null in /var/www/whfirearmsafterdark.com/htdocs/wp-content/plugins/mra-import-postgresql/cron-update-product.php on line 706
[2025-08-04 05:49:00] Error: Attempt to read property "post_name" on null in /var/www/whfirearmsafterdark.com/htdocs/wp-content/plugins/mra-import-postgresql/cron-update-product.php on line 706
[2025-08-04 06:57:54] Error: Attempt to read property "post_name" on null in /var/www/whfirearmsafterdark.com/htdocs/wp-content/plugins/mra-import-postgresql/cron-update-product.php on line 706
[2025-08-04 08:01:55] Error: Attempt to read property "post_name" on null in /var/www/whfirearmsafterdark.com/htdocs/wp-content/plugins/mra-import-postgresql/cron-update-product.php on line 706
[2025-08-04 09:06:34] Error: Attempt to read property "post_name" on null in /var/www/whfirearmsafterdark.com/htdocs/wp-content/plugins/mra-import-postgresql/cron-update-product.php on line 706
[2025-08-04 09:42:11] Error: Attempt to read property "post_name" on null in /var/www/whfirearmsafterdark.com/htdocs/wp-content/plugins/mra-import-postgresql/cron-update-product.php on line 706
[2025-08-04 10:28:37] Error: Attempt to read property "post_name" on null in /var/www/whfirearmsafterdark.com/htdocs/wp-content/plugins/mra-import-postgresql/cron-update-product.php on line 706
[2025-08-04 11:10:36] Error: Attempt to read property "post_name" on null in /var/www/whfirearmsafterdark.com/htdocs/wp-content/plugins/mra-import-postgresql/cron-update-product.php on line 706
[2025-08-04 11:58:30] Error: Attempt to read property "post_name" on null in /var/www/whfirearmsafterdark.com/htdocs/wp-content/plugins/mra-import-postgresql/cron-update-product.php on line 706
[2025-08-04 12:41:01] Error: Attempt to read property "post_name" on null in /var/www/whfirearmsafterdark.com/htdocs/wp-content/plugins/mra-import-postgresql/cron-update-product.php on line 706
[2025-08-04 13:30:32] Error: Attempt to read property "post_name" on null in /var/www/whfirearmsafterdark.com/htdocs/wp-content/plugins/mra-import-postgresql/cron-update-product.php on line 706
[2025-08-04 14:13:33] Error: Attempt to read property "post_name" on null in /var/www/whfirearmsafterdark.com/htdocs/wp-content/plugins/mra-import-postgresql/cron-update-product.php on line 706
[2025-08-04 15:01:57] Error: Attempt to read property "post_name" on null in /var/www/whfirearmsafterdark.com/htdocs/wp-content/plugins/mra-import-postgresql/cron-update-product.php on line 706
[2025-08-04 15:12:51] Error: Undefined variable $rows_product_cost in /var/www/whfirearmsafterdark.com/htdocs/wp-content/plugins/mra-import-postgresql/admin/inc-settings/filter-add-order.php on line 623
[2025-08-04 15:47:47] Error: Attempt to read property "post_name" on null in /var/www/whfirearmsafterdark.com/htdocs/wp-content/plugins/mra-import-postgresql/cron-update-product.php on line 706
[2025-08-04 16:31:43] Error: Attempt to read property "post_name" on null in /var/www/whfirearmsafterdark.com/htdocs/wp-content/plugins/mra-import-postgresql/cron-update-product.php on line 706
[2025-08-04 17:21:15] Error: Attempt to read property "post_name" on null in /var/www/whfirearmsafterdark.com/htdocs/wp-content/plugins/mra-import-postgresql/cron-update-product.php on line 706
[2025-08-04 18:15:11] Error: Attempt to read property "post_name" on null in /var/www/whfirearmsafterdark.com/htdocs/wp-content/plugins/mra-import-postgresql/cron-update-product.php on line 706
[2025-08-04 18:45:12] Error: Attempt to read property "post_name" on null in /var/www/whfirearmsafterdark.com/htdocs/wp-content/plugins/mra-import-postgresql/cron-update-product.php on line 706
[2025-08-04 19:27:06] Error: Attempt to read property "post_name" on null in /var/www/whfirearmsafterdark.com/htdocs/wp-content/plugins/mra-import-postgresql/cron-update-product.php on line 706
[2025-08-04 20:19:49] Error: Attempt to read property "post_name" on null in /var/www/whfirearmsafterdark.com/htdocs/wp-content/plugins/mra-import-postgresql/cron-update-product.php on line 706
[2025-08-04 21:08:57] Error: Attempt to read property "post_name" on null in /var/www/whfirearmsafterdark.com/htdocs/wp-content/plugins/mra-import-postgresql/cron-update-product.php on line 706
[2025-08-04 21:47:12] Error: Attempt to read property "post_name" on null in /var/www/whfirearmsafterdark.com/htdocs/wp-content/plugins/mra-import-postgresql/cron-update-product.php on line 706
